<?xml version="1.0" encoding="UTF-8"?>
<!-- Generated by org.testng.reporters.JUnitXMLReporter -->
<testsuite ignored="1" hostname="DESKTOP-807N78D" failures="1" tests="2" name="Submit Order Test" time="7.584" errors="0" timestamp="2024-03-11T21:25:36 PST">
  <testcase classname="ecommerce.tests.SubmitOrderTest" name="submitOrder" time="2.888"/>
  <testcase classname="ecommerce.tests.SubmitOrderTest" name="submitOrder" time="7.568">
    <failure type="org.testng.internal.reflect.MethodMatcherException" message="
[public void ecommerce.tests.SubmitOrderTest.submitOrder(java.lang.String,java.lang.String,java.lang.String) throws java.io.IOException,java.lang.InterruptedException] has no parameters defined but was found to be using a data provider (either explicitly specified or inherited from class level annotation).
Data provider mismatch
Method: submitOrder([java.lang.String arg0, java.lang.String arg1, java.lang.String arg2])
Arguments: [(java.lang.String) rhein.bermillo1@rahulshettyacademy.com,(java.lang.String) ZARA COAT 3]">
      <![CDATA[org.testng.internal.reflect.MethodMatcherException: 
[public void ecommerce.tests.SubmitOrderTest.submitOrder(java.lang.String,java.lang.String,java.lang.String) throws java.io.IOException,java.lang.InterruptedException] has no parameters defined but was found to be using a data provider (either explicitly specified or inherited from class level annotation).
Data provider mismatch
Method: submitOrder([java.lang.String arg0, java.lang.String arg1, java.lang.String arg2])
Arguments: [(java.lang.String) rhein.bermillo1@rahulshettyacademy.com,(java.lang.String) ZARA COAT 3]
at java.base/java.util.ArrayList.forEach(ArrayList.java:1511)
at java.base/java.util.concurrent.FutureTask.run(FutureTask.java:264)
at java.base/java.util.concurrent.ThreadPoolExecutor.runWorker(ThreadPoolExecutor.java:1136)
at java.base/java.util.concurrent.ThreadPoolExecutor$Worker.run(ThreadPoolExecutor.java:635)
at java.base/java.lang.Thread.run(Thread.java:833)
... Removed 12 stack frames]]>
    </failure>
  </testcase> <!-- submitOrder -->
  <testcase classname="ecommerce.tests.SubmitOrderTest" name="OrderHistoryTest" time="0.0">
    <ignored/>
  </testcase> <!-- OrderHistoryTest -->
</testsuite> <!-- Submit Order Test -->
