<?xml version="1.0" encoding="UTF-8"?>
<!-- Generated by org.testng.reporters.JUnitXMLReporter -->
<testsuite ignored="1" hostname="DESKTOP-807N78D" failures="1" tests="2" name="Submit Order Test" time="24.821" errors="0" timestamp="2024-03-11T20:40:39 PST">
  <testcase classname="ecommerce.tests.SubmitOrderTest" name="submitOrder" time="14.797"/>
  <testcase classname="ecommerce.tests.SubmitOrderTest" name="submitOrder" time="0.971">
    <failure type="java.lang.NullPointerException" message="Cannot invoke &amp;quot;org.openqa.selenium.WebElement.findElement(org.openqa.selenium.By)&amp;quot; because &amp;quot;prod&amp;quot; is null">
      <![CDATA[java.lang.NullPointerException: Cannot invoke "org.openqa.selenium.WebElement.findElement(org.openqa.selenium.By)" because "prod" is null
at ecommerce.pageObjects.ProductPage.addProductToCart(ProductPage.java:48)
at ecommerce.tests.SubmitOrderTest.submitOrder(SubmitOrderTest.java:26)
at java.base/java.util.ArrayList.forEach(ArrayList.java:1511)
at java.base/java.util.concurrent.FutureTask.run(FutureTask.java:264)
at java.base/java.util.concurrent.ThreadPoolExecutor.runWorker(ThreadPoolExecutor.java:1136)
at java.base/java.util.concurrent.ThreadPoolExecutor$Worker.run(ThreadPoolExecutor.java:635)
at java.base/java.lang.Thread.run(Thread.java:833)
... Removed 17 stack frames]]>
    </failure>
  </testcase> <!-- submitOrder -->
  <testcase classname="ecommerce.tests.SubmitOrderTest" name="OrderHistoryTest" time="0.0">
    <ignored/>
  </testcase> <!-- OrderHistoryTest -->
</testsuite> <!-- Submit Order Test -->
