<?xml version="1.0" encoding="UTF-8"?>
<testng-results ignored="0" total="2" passed="1" failed="1" skipped="0">
  <reporter-output>
  </reporter-output>
  <suite started-at="2024-03-11T21:25:29 PST" name="Suite" finished-at="2024-03-11T21:25:36 PST" duration-ms="7584">
    <groups>
      <group name="Purchase">
        <method signature="SubmitOrderTest.submitOrder(java.lang.String,java.lang.String,java.lang.String)[pri:0, instance:ecommerce.tests.SubmitOrderTest@268f106e]" name="submitOrder" class="ecommerce.tests.SubmitOrderTest"/>
      </group> <!-- Purchase -->
    </groups>
    <test started-at="2024-03-11T21:25:29 PST" name="Error Validation" finished-at="2024-03-11T21:25:29 PST" duration-ms="7">
    </test> <!-- Error Validation -->
    <test started-at="2024-03-11T21:25:29 PST" name="Submit Order Test" finished-at="2024-03-11T21:25:36 PST" duration-ms="7584">
      <class name="ecommerce.tests.SubmitOrderTest">
        <test-method signature="submitOrder(java.lang.String,java.lang.String,java.lang.String)[pri:0, instance:ecommerce.tests.SubmitOrderTest@268f106e]" started-at="2024-03-11T21:25:29 PST" name="submitOrder" data-provider="getData" finished-at="2024-03-11T21:25:36 PST" duration-ms="7568" status="FAIL">
          <exception class="org.testng.internal.reflect.MethodMatcherException">
            <message>
              <![CDATA[
[public void ecommerce.tests.SubmitOrderTest.submitOrder(java.lang.String,java.lang.String,java.lang.String) throws java.io.IOException,java.lang.InterruptedException] has no parameters defined but was found to be using a data provider (either explicitly specified or inherited from class level annotation).
Data provider mismatch
Method: submitOrder([java.lang.String arg0, java.lang.String arg1, java.lang.String arg2])
Arguments: [(java.lang.String) rhein.bermillo1@rahulshettyacademy.com,(java.lang.String) ZARA COAT 3]]]>
            </message>
            <full-stacktrace>
              <![CDATA[org.testng.internal.reflect.MethodMatcherException: 
[public void ecommerce.tests.SubmitOrderTest.submitOrder(java.lang.String,java.lang.String,java.lang.String) throws java.io.IOException,java.lang.InterruptedException] has no parameters defined but was found to be using a data provider (either explicitly specified or inherited from class level annotation).
Data provider mismatch
Method: submitOrder([java.lang.String arg0, java.lang.String arg1, java.lang.String arg2])
Arguments: [(java.lang.String) rhein.bermillo1@rahulshettyacademy.com,(java.lang.String) ZARA COAT 3]
at org.testng.internal.reflect.DataProviderMethodMatcher.getConformingArguments(DataProviderMethodMatcher.java:46)
at org.testng.internal.Parameters.injectParameters(Parameters.java:909)
at org.testng.internal.invokers.MethodRunner.runInSequence(MethodRunner.java:37)
at org.testng.internal.invokers.TestInvoker$MethodInvocationAgent.invoke(TestInvoker.java:957)
at org.testng.internal.invokers.TestInvoker.invokeTestMethods(TestInvoker.java:200)
at org.testng.internal.invokers.TestMethodWorker.invokeTestMethods(TestMethodWorker.java:148)
at org.testng.internal.invokers.TestMethodWorker.run(TestMethodWorker.java:128)
at java.base/java.util.ArrayList.forEach(ArrayList.java:1511)
at org.testng.TestRunner.privateRun(TestRunner.java:848)
at org.testng.TestRunner.run(TestRunner.java:621)
at org.testng.SuiteRunner.runTest(SuiteRunner.java:443)
at org.testng.SuiteRunner$SuiteWorker.run(SuiteRunner.java:481)
at org.testng.internal.thread.ThreadUtil.lambda$execute$0(ThreadUtil.java:58)
at java.base/java.util.concurrent.FutureTask.run(FutureTask.java:264)
at java.base/java.util.concurrent.ThreadPoolExecutor.runWorker(ThreadPoolExecutor.java:1136)
at java.base/java.util.concurrent.ThreadPoolExecutor$Worker.run(ThreadPoolExecutor.java:635)
at java.base/java.lang.Thread.run(Thread.java:833)
]]>
            </full-stacktrace>
          </exception> <!-- org.testng.internal.reflect.MethodMatcherException -->
          <reporter-output>
          </reporter-output>
        </test-method> <!-- submitOrder -->
        <test-method is-config="true" signature="launchApplication()[pri:0, instance:ecommerce.tests.SubmitOrderTest@268f106e]" started-at="2024-03-11T21:25:29 PST" name="launchApplication" finished-at="2024-03-11T21:25:33 PST" duration-ms="4612" status="PASS">
          <reporter-output>
          </reporter-output>
        </test-method> <!-- launchApplication -->
        <test-method signature="submitOrder(java.lang.String,java.lang.String,java.lang.String)[pri:0, instance:ecommerce.tests.SubmitOrderTest@268f106e]" started-at="2024-03-11T21:25:33 PST" name="submitOrder" data-provider="getData" finished-at="2024-03-11T21:25:36 PST" duration-ms="2888" status="PASS">
          <params>
            <param index="0">
              <value>
                <![CDATA[rhein.bermillo@rahulshettyacademy.com]]>
              </value>
            </param>
            <param index="1">
              <value>
                <![CDATA[Android12345]]>
              </value>
            </param>
            <param index="2">
              <value>
                <![CDATA[ADIDAS ORIGINAL]]>
              </value>
            </param>
          </params>
          <reporter-output>
          </reporter-output>
        </test-method> <!-- submitOrder -->
        <test-method is-config="true" signature="tearDown()[pri:0, instance:ecommerce.tests.SubmitOrderTest@268f106e]" started-at="2024-03-11T21:25:36 PST" name="tearDown" finished-at="2024-03-11T21:25:36 PST" duration-ms="50" status="PASS">
          <reporter-output>
          </reporter-output>
        </test-method> <!-- tearDown -->
      </class> <!-- ecommerce.tests.SubmitOrderTest -->
    </test> <!-- Submit Order Test -->
  </suite> <!-- Suite -->
</testng-results>
