<?xml version="1.0" encoding="UTF-8"?>
<testng-results ignored="0" total="1" passed="1" failed="0" skipped="0">
  <reporter-output>
  </reporter-output>
  <suite started-at="2024-03-05T21:39:07 PST" name="Default suite" finished-at="2024-03-05T21:39:11 PST" duration-ms="4717">
    <groups>
    </groups>
    <test started-at="2024-03-05T21:39:07 PST" name="Default test" finished-at="2024-03-05T21:39:11 PST" duration-ms="4717">
      <class name="ecommerce.tests.ErrorValidation">
        <test-method is-config="true" signature="launchApplication()[pri:0, instance:ecommerce.tests.ErrorValidation@3f191845]" started-at="2024-03-05T21:39:07 PST" name="launchApplication" finished-at="2024-03-05T21:39:11 PST" duration-ms="4302" status="PASS">
          <reporter-output>
          </reporter-output>
        </test-method> <!-- launchApplication -->
        <test-method signature="submitOrder()[pri:0, instance:ecommerce.tests.ErrorValidation@3f191845]" started-at="2024-03-05T21:39:11 PST" name="submitOrder" finished-at="2024-03-05T21:39:11 PST" duration-ms="342" status="PASS">
          <reporter-output>
          </reporter-output>
        </test-method> <!-- submitOrder -->
        <test-method is-config="true" signature="tearDown()[pri:0, instance:ecommerce.tests.ErrorValidation@3f191845]" started-at="2024-03-05T21:39:11 PST" name="tearDown" finished-at="2024-03-05T21:39:11 PST" duration-ms="50" status="PASS">
          <reporter-output>
          </reporter-output>
        </test-method> <!-- tearDown -->
      </class> <!-- ecommerce.tests.ErrorValidation -->
    </test> <!-- Default test -->
  </suite> <!-- Default suite -->
</testng-results>
